Exporter version: 6.2.4, Blender version: 2.81 (sub 16)
========= Conversion from Blender to Babylon.js =========
	Scene settings used :
		inline textures     :  false
		Material Type       :  PBR
		Positions Precision :  4
		Normals Precision   :  3
		UVs Precision       :  3
		Vert Color Precision:  3
		Mat Weight Precision:  2
		texture directory   :  C:\Users\calbers1\Desktop\templeQuest\public\objects\
	Python World class constructor completed
	processing begun of camera (UniversalCamera):  Camera
	processing begun of node:  Light.001
	processing begun of node:  Camera.001
	processing begun of mesh:  Cube.001
		processing begun of material:  Material.001
			WARNING: unsupported node type(ShaderNodeMath) will trigger baking
			WARNING: unsupported node type(ShaderNodeMath) will trigger baking
			WARNING: Metal channel baking required, but not possible, ignored
			WARNING: Roughness channel baking required, but not possible, ignored
			processing texture 
				texture type:  bumpTexture, mapped using: "TEXCOORD_0"
			processing texture 
				texture type:  diffuseTexture, mapped using: "TEXCOORD_0"
			processing texture 
				texture type:  metallicTexture, mapped using: "TEXCOORD_0"
			processing texture 
				texture type:  value not meaningful 2, mapped using: "TEXCOORD_0"
			bake time:  0 min, 0.0202 secs
		Custom split normals with tangents being used
		num positions      :  10968
		num normals        :  10968
		num tangents       :  43872
		num uvs            :  21936
		num uvs2           :  0
		num colors         :  0
		num indices        :  15876
	processing begun of mesh:  Cube.002
		processing begun of material:  Material.006
			WARNING: unsupported node type(ShaderNodeMath) will trigger baking
			WARNING: unsupported node type(ShaderNodeMath) will trigger baking
			WARNING: Metal channel baking required, but not possible, ignored
			WARNING: Roughness channel baking required, but not possible, ignored
			processing texture 
				texture type:  bumpTexture, mapped using: "TEXCOORD_0"
			processing texture 
				texture type:  diffuseTexture, mapped using: "TEXCOORD_0"
			processing texture 
				texture type:  metallicTexture, mapped using: "TEXCOORD_0"
			processing texture 
				texture type:  value not meaningful 2, mapped using: "TEXCOORD_0"
			bake time:  0 min, 0.0106 secs
		Custom split normals with tangents being used
		num positions      :  10966
		num normals        :  10966
		num tangents       :  43864
		num uvs            :  21932
		num uvs2           :  0
		num colors         :  0
		num indices        :  15876
	processing begun of mesh:  Cube.003
		processing begun of material:  Material.002
			WARNING: unsupported node type(ShaderNodeMath) will trigger baking
			WARNING: unsupported node type(ShaderNodeMath) will trigger baking
			WARNING: Metal channel baking required, but not possible, ignored
			WARNING: Roughness channel baking required, but not possible, ignored
			processing texture 
				texture type:  bumpTexture, mapped using: "TEXCOORD_0"
			processing texture 
				texture type:  diffuseTexture, mapped using: "TEXCOORD_0"
			processing texture 
				texture type:  metallicTexture, mapped using: "TEXCOORD_0"
			processing texture 
				texture type:  value not meaningful 2, mapped using: "TEXCOORD_0"
			bake time:  0 min, 0.0231 secs
		Custom split normals with tangents being used
		num positions      :  10968
		num normals        :  10968
		num tangents       :  43872
		num uvs            :  21936
		num uvs2           :  0
		num colors         :  0
		num indices        :  15876
	processing begun of light (POINT):  Light
========= Writing of JSON file started =========
	writing mesh:  Cube.001
	writing mesh:  Cube.002
	writing mesh:  Cube.003
========= Writing of JSON file completed =========
========= end of processing =========
elapsed time:  0 min, 1.9466 secs
